2025-04-11 16:29:17,873 - INFO - Starting RL agent training for BTC-USD...
2025-04-11 16:29:17,874 - INFO - Fetching 180 days of historical data for BTC-USD...
2025-04-11 16:29:17,874 - INFO - Initializing data provider...
2025-04-11 16:29:18,391 - INFO - Initializing Crypto Trading Environment...
2025-04-11 16:29:19,915 - INFO - Environment created successfully.
2025-04-11 16:29:21,686 - ERROR - Training failed: 'DetailedTrainingCallback' object has no attribute '_n_calls'
2025-04-11 16:29:21,688 - ERROR - Traceback (most recent call last):
  File "/Users/activate/Dev/robinhood-crypto-bot/train_rl_agent.py", line 286, in train_agent
    model.learn(
    ~~~~~~~~~~~^
        total_timesteps=TRAINING_TIMESTEPS,
        ^^^^^^^^^^^^^^^^^^^^^^^^^^^^^^^^^^^
    ...<2 lines>...
        reset_num_timesteps=True
        ^^^^^^^^^^^^^^^^^^^^^^^^
    )
    ^
  File "/Users/activate/Dev/robinhood-crypto-bot/venv/lib/python3.13/site-packages/stable_baselines3/ppo/ppo.py", line 311, in learn
    return super().learn(
           ~~~~~~~~~~~~~^
        total_timesteps=total_timesteps,
        ^^^^^^^^^^^^^^^^^^^^^^^^^^^^^^^^
    ...<4 lines>...
        progress_bar=progress_bar,
        ^^^^^^^^^^^^^^^^^^^^^^^^^^
    )
    ^
  File "/Users/activate/Dev/robinhood-crypto-bot/venv/lib/python3.13/site-packages/stable_baselines3/common/on_policy_algorithm.py", line 324, in learn
    continue_training = self.collect_rollouts(self.env, callback, self.rollout_buffer, n_rollout_steps=self.n_steps)
  File "/Users/activate/Dev/robinhood-crypto-bot/venv/lib/python3.13/site-packages/stable_baselines3/common/on_policy_algorithm.py", line 224, in collect_rollouts
    if not callback.on_step():
           ~~~~~~~~~~~~~~~~^^
  File "/Users/activate/Dev/robinhood-crypto-bot/venv/lib/python3.13/site-packages/stable_baselines3/common/callbacks.py", line 114, in on_step
    return self._on_step()
           ~~~~~~~~~~~~~^^
  File "/Users/activate/Dev/robinhood-crypto-bot/venv/lib/python3.13/site-packages/stable_baselines3/common/callbacks.py", line 223, in _on_step
    continue_training = callback.on_step() and continue_training
                        ~~~~~~~~~~~~~~~~^^
  File "/Users/activate/Dev/robinhood-crypto-bot/venv/lib/python3.13/site-packages/stable_baselines3/common/callbacks.py", line 114, in on_step
    return self._on_step()
           ~~~~~~~~~~~~~^^
  File "/Users/activate/Dev/robinhood-crypto-bot/train_rl_agent.py", line 257, in _on_step
    if self._n_calls % 1000 == 0:
       ^^^^^^^^^^^^^
AttributeError: 'DetailedTrainingCallback' object has no attribute '_n_calls'. Did you mean: 'n_calls'?

2025-04-11 16:29:21,688 - INFO - Training script finished.
2025-04-11 16:42:23,833 - INFO - Starting RL agent training for BTC-USD...
2025-04-11 16:42:23,834 - INFO - Fetching 180 days of historical data for BTC-USD...
2025-04-11 16:42:23,834 - INFO - Initializing data provider...
2025-04-11 16:42:24,458 - INFO - Initializing Crypto Trading Environment...
2025-04-11 16:42:25,915 - INFO - Environment created successfully.
2025-04-11 16:43:01,386 - INFO - Starting RL agent training for BTC-USD...
2025-04-11 16:43:01,387 - INFO - Fetching 180 days of historical data for BTC-USD...
2025-04-11 16:43:01,387 - INFO - Initializing data provider...
2025-04-11 16:43:02,176 - INFO - Initializing Crypto Trading Environment...
2025-04-11 16:43:03,613 - INFO - Environment created successfully.
2025-04-11 16:43:04,402 - INFO - Training started
2025-04-11 17:01:38,804 - INFO - Training Progress: Step 1000/50000
2025-04-11 17:01:38,806 - INFO - Elapsed Time: 1152.24 seconds
2025-04-11 17:01:38,806 - INFO - Steps per Second: 0.87
2025-04-11 17:02:18,023 - INFO - Training Progress: 2.00%
2025-04-11 17:02:18,024 - INFO - Step 1000/50000
2025-04-11 17:02:18,024 - INFO - Elapsed Time: 1153.62 seconds
2025-04-11 17:02:18,024 - INFO - Steps per Second: 0.87
2025-04-11 17:20:51,609 - INFO - Training Progress: Step 2000/50000
2025-04-11 17:20:51,611 - INFO - Elapsed Time: 2305.04 seconds
2025-04-11 17:20:51,611 - INFO - Steps per Second: 0.87
2025-04-11 17:21:25,606 - INFO - Training Progress: 4.00%
2025-04-11 17:21:25,608 - INFO - Step 2000/50000
2025-04-11 17:21:25,608 - INFO - Elapsed Time: 2301.20 seconds
2025-04-11 17:21:25,608 - INFO - Steps per Second: 0.87
2025-04-11 17:25:55,762 - INFO - Starting RL agent training for BTC-USD...
2025-04-11 17:25:55,762 - INFO - Fetching 180 days of historical data for BTC-USD...
2025-04-11 17:25:55,762 - INFO - Initializing data provider...
2025-04-11 17:25:56,505 - INFO - Initializing Crypto Trading Environment...
2025-04-11 17:25:57,974 - INFO - Environment created successfully.
2025-04-11 17:25:58,559 - INFO - Training started
2025-04-11 17:40:03,827 - INFO - Training Progress: Step 3000/50000
2025-04-11 17:40:03,829 - INFO - Elapsed Time: 3457.26 seconds
2025-04-11 17:40:03,829 - INFO - Steps per Second: 0.87
2025-04-11 17:40:37,486 - INFO - Training Progress: 6.00%
2025-04-11 17:40:37,489 - INFO - Step 3000/50000
2025-04-11 17:40:37,490 - INFO - Elapsed Time: 3453.08 seconds
2025-04-11 17:40:37,490 - INFO - Steps per Second: 0.87
2025-04-11 17:45:06,327 - INFO - Training Progress: 2.00%
2025-04-11 17:45:06,329 - INFO - Step 1000/50000
2025-04-11 17:45:06,330 - INFO - Elapsed Time: 1147.77 seconds
2025-04-11 17:45:06,330 - INFO - Steps per Second: 0.87
2025-04-11 17:59:52,490 - INFO - Training Progress: Step 4000/50000
2025-04-11 17:59:52,493 - INFO - Elapsed Time: 4645.92 seconds
2025-04-11 17:59:52,493 - INFO - Steps per Second: 0.86
2025-04-11 18:00:20,977 - INFO - Training Progress: 8.00%
2025-04-11 18:00:20,978 - INFO - Step 4000/50000
2025-04-11 18:00:20,978 - INFO - Elapsed Time: 4636.58 seconds
2025-04-11 18:00:20,978 - INFO - Steps per Second: 0.86
2025-04-11 18:04:54,929 - INFO - Training Progress: 4.00%
2025-04-11 18:04:54,930 - INFO - Step 2000/50000
2025-04-11 18:04:54,931 - INFO - Elapsed Time: 2336.37 seconds
2025-04-11 18:04:54,931 - INFO - Steps per Second: 0.86
2025-04-11 18:19:59,729 - INFO - Training Progress: Step 5000/50000
2025-04-11 18:19:59,730 - INFO - Elapsed Time: 5853.16 seconds
2025-04-11 18:19:59,730 - INFO - Steps per Second: 0.85
2025-04-11 18:20:25,486 - INFO - Training Progress: 10.00%
2025-04-11 18:20:25,487 - INFO - Step 5000/50000
2025-04-11 18:20:25,487 - INFO - Elapsed Time: 5841.08 seconds
2025-04-11 18:20:25,487 - INFO - Steps per Second: 0.86
2025-04-11 18:25:01,762 - INFO - Training Progress: 6.00%
2025-04-11 18:25:01,764 - INFO - Step 3000/50000
2025-04-11 18:25:01,764 - INFO - Elapsed Time: 3543.20 seconds
2025-04-11 18:25:01,764 - INFO - Steps per Second: 0.85
2025-04-11 18:42:31,249 - INFO - Training Progress: Step 6000/50000
2025-04-11 18:42:31,252 - INFO - Elapsed Time: 7204.68 seconds
2025-04-11 18:42:31,252 - INFO - Steps per Second: 0.83
2025-04-11 18:43:01,044 - INFO - Training Progress: 12.00%
2025-04-11 18:43:01,045 - INFO - Step 6000/50000
2025-04-11 18:43:01,045 - INFO - Elapsed Time: 7196.64 seconds
2025-04-11 18:43:01,045 - INFO - Steps per Second: 0.83
2025-04-11 18:48:49,255 - INFO - Training Progress: 8.00%
2025-04-11 18:48:49,256 - INFO - Step 4000/50000
2025-04-11 18:48:49,257 - INFO - Elapsed Time: 4970.70 seconds
2025-04-11 18:48:49,257 - INFO - Steps per Second: 0.80
2025-04-11 19:04:15,699 - INFO - Training Progress: Step 7000/50000
2025-04-11 19:04:15,701 - INFO - Elapsed Time: 8509.13 seconds
2025-04-11 19:04:15,701 - INFO - Steps per Second: 0.82
2025-04-11 19:04:32,440 - INFO - Training Progress: 14.00%
2025-04-11 19:04:32,441 - INFO - Step 7000/50000
2025-04-11 19:04:32,443 - INFO - Elapsed Time: 8488.04 seconds
2025-04-11 19:04:32,452 - INFO - Steps per Second: 0.82
2025-04-11 19:09:40,335 - INFO - Training Progress: 10.00%
2025-04-11 19:09:40,336 - INFO - Step 5000/50000
2025-04-11 19:09:40,336 - INFO - Elapsed Time: 6221.78 seconds
2025-04-11 19:09:40,336 - INFO - Steps per Second: 0.80
2025-04-11 19:24:57,973 - INFO - Training Progress: 16.00%
2025-04-11 19:24:57,974 - INFO - Step 8000/50000
2025-04-11 19:24:57,974 - INFO - Elapsed Time: 9713.57 seconds
2025-04-11 19:24:57,974 - INFO - Steps per Second: 0.82
2025-04-11 19:25:05,520 - INFO - Training Progress: Step 8000/50000
2025-04-11 19:25:05,521 - INFO - Elapsed Time: 9758.95 seconds
2025-04-11 19:25:05,522 - INFO - Steps per Second: 0.82
2025-04-11 19:30:13,389 - INFO - Training Progress: 12.00%
2025-04-11 19:30:13,491 - INFO - Step 6000/50000
2025-04-11 19:30:13,495 - INFO - Elapsed Time: 7454.56 seconds
2025-04-11 19:30:13,496 - INFO - Steps per Second: 0.80
2025-04-11 19:46:08,044 - INFO - Training Progress: Step 9000/50000
2025-04-11 19:46:08,046 - INFO - Elapsed Time: 11021.48 seconds
2025-04-11 19:46:08,046 - INFO - Steps per Second: 0.82
2025-04-11 19:46:10,134 - INFO - Training Progress: 18.00%
2025-04-11 19:46:10,135 - INFO - Step 9000/50000
2025-04-11 19:46:10,135 - INFO - Elapsed Time: 10985.73 seconds
2025-04-11 19:46:10,135 - INFO - Steps per Second: 0.82
2025-04-11 19:51:26,119 - INFO - Training Progress: 14.00%
2025-04-11 19:51:26,120 - INFO - Step 7000/50000
2025-04-11 19:51:26,120 - INFO - Elapsed Time: 8727.56 seconds
2025-04-11 19:51:26,120 - INFO - Steps per Second: 0.80
2025-04-11 20:06:54,579 - INFO - Training Progress: 20.00%
2025-04-11 20:06:54,580 - INFO - Step 10000/50000
2025-04-11 20:06:54,581 - INFO - Elapsed Time: 12230.18 seconds
2025-04-11 20:06:54,581 - INFO - Steps per Second: 0.82
2025-04-11 20:06:59,011 - INFO - Training Progress: Step 10000/50000
2025-04-11 20:06:59,012 - INFO - Elapsed Time: 12272.44 seconds
2025-04-11 20:06:59,012 - INFO - Steps per Second: 0.81
2025-04-11 20:11:51,511 - INFO - Training Progress: 16.00%
2025-04-11 20:11:51,513 - INFO - Step 8000/50000
2025-04-11 20:11:51,513 - INFO - Elapsed Time: 9952.95 seconds
2025-04-11 20:11:51,513 - INFO - Steps per Second: 0.80
2025-04-11 20:33:20,836 - INFO - Training Progress: 18.00%
2025-04-11 20:33:20,838 - INFO - Step 9000/50000
2025-04-11 20:33:20,838 - INFO - Elapsed Time: 11242.28 seconds
2025-04-11 20:33:20,838 - INFO - Steps per Second: 0.80
2025-04-11 20:57:21,135 - INFO - Training Progress: 20.00%
2025-04-11 20:57:21,137 - INFO - Step 10000/50000
2025-04-11 20:57:21,137 - INFO - Elapsed Time: 12682.58 seconds
2025-04-11 20:57:21,137 - INFO - Steps per Second: 0.79
2025-05-11 03:03:27,807 - INFO - Starting RL agent training for BTC-USD...
2025-05-11 03:03:27,807 - INFO - Fetching 180 days of historical data for BTC-USD...
2025-05-11 03:03:27,808 - INFO - Initializing data provider...
2025-05-11 03:03:28,613 - INFO - Initializing Crypto Trading Environment...
2025-05-11 03:03:28,822 - ERROR - Environment creation error: 'Close'
2025-05-11 03:03:28,827 - ERROR - Traceback (most recent call last):
  File "/opt/homebrew/Caskroom/miniforge/base/lib/python3.10/site-packages/pandas/core/indexes/base.py", line 3805, in get_loc
    return self._engine.get_loc(casted_key)
  File "index.pyx", line 167, in pandas._libs.index.IndexEngine.get_loc
  File "index.pyx", line 196, in pandas._libs.index.IndexEngine.get_loc
  File "pandas/_libs/hashtable_class_helper.pxi", line 7081, in pandas._libs.hashtable.PyObjectHashTable.get_item
  File "pandas/_libs/hashtable_class_helper.pxi", line 7089, in pandas._libs.hashtable.PyObjectHashTable.get_item
KeyError: 'Close'

The above exception was the direct cause of the following exception:

Traceback (most recent call last):
  File "/Users/activate/Dev/robinhood-crypto-bot/train_rl_agent.py", line 196, in train_agent
    env = create_environment(symbol_to_train, use_sentiment=True)
  File "/Users/activate/Dev/robinhood-crypto-bot/train_rl_agent.py", line 86, in create_environment
    env = CryptoTradingEnv(
  File "/Users/activate/Dev/robinhood-crypto-bot/rl_environment.py", line 111, in __init__
    self.df_processed = self._validate_data(self.df_processed)
  File "/Users/activate/Dev/robinhood-crypto-bot/rl_environment.py", line 179, in _validate_data
    df[col] = df['Close'].rolling(window=window).mean()
  File "/opt/homebrew/Caskroom/miniforge/base/lib/python3.10/site-packages/pandas/core/frame.py", line 4102, in __getitem__
    indexer = self.columns.get_loc(key)
  File "/opt/homebrew/Caskroom/miniforge/base/lib/python3.10/site-packages/pandas/core/indexes/base.py", line 3812, in get_loc
    raise KeyError(key) from err
KeyError: 'Close'

2025-05-11 03:03:28,828 - ERROR - Training error: 'Close'
2025-05-11 03:03:28,828 - ERROR - Traceback (most recent call last):
  File "/opt/homebrew/Caskroom/miniforge/base/lib/python3.10/site-packages/pandas/core/indexes/base.py", line 3805, in get_loc
    return self._engine.get_loc(casted_key)
  File "index.pyx", line 167, in pandas._libs.index.IndexEngine.get_loc
  File "index.pyx", line 196, in pandas._libs.index.IndexEngine.get_loc
  File "pandas/_libs/hashtable_class_helper.pxi", line 7081, in pandas._libs.hashtable.PyObjectHashTable.get_item
  File "pandas/_libs/hashtable_class_helper.pxi", line 7089, in pandas._libs.hashtable.PyObjectHashTable.get_item
KeyError: 'Close'

The above exception was the direct cause of the following exception:

Traceback (most recent call last):
  File "/Users/activate/Dev/robinhood-crypto-bot/train_rl_agent.py", line 196, in train_agent
    env = create_environment(symbol_to_train, use_sentiment=True)
  File "/Users/activate/Dev/robinhood-crypto-bot/train_rl_agent.py", line 86, in create_environment
    env = CryptoTradingEnv(
  File "/Users/activate/Dev/robinhood-crypto-bot/rl_environment.py", line 111, in __init__
    self.df_processed = self._validate_data(self.df_processed)
  File "/Users/activate/Dev/robinhood-crypto-bot/rl_environment.py", line 179, in _validate_data
    df[col] = df['Close'].rolling(window=window).mean()
  File "/opt/homebrew/Caskroom/miniforge/base/lib/python3.10/site-packages/pandas/core/frame.py", line 4102, in __getitem__
    indexer = self.columns.get_loc(key)
  File "/opt/homebrew/Caskroom/miniforge/base/lib/python3.10/site-packages/pandas/core/indexes/base.py", line 3812, in get_loc
    raise KeyError(key) from err
KeyError: 'Close'

2025-05-11 03:04:05,072 - INFO - Starting RL agent training for BTC-USD...
2025-05-11 03:04:05,073 - INFO - Fetching 180 days of historical data for BTC-USD...
2025-05-11 03:04:05,073 - INFO - Initializing data provider...
2025-05-11 03:04:06,207 - INFO - Initializing Crypto Trading Environment...
2025-05-11 03:04:06,435 - ERROR - Environment creation error: 'Close'
2025-05-11 03:04:06,440 - ERROR - Traceback (most recent call last):
  File "/opt/homebrew/Caskroom/miniforge/base/lib/python3.10/site-packages/pandas/core/indexes/base.py", line 3805, in get_loc
    return self._engine.get_loc(casted_key)
  File "index.pyx", line 167, in pandas._libs.index.IndexEngine.get_loc
  File "index.pyx", line 196, in pandas._libs.index.IndexEngine.get_loc
  File "pandas/_libs/hashtable_class_helper.pxi", line 7081, in pandas._libs.hashtable.PyObjectHashTable.get_item
  File "pandas/_libs/hashtable_class_helper.pxi", line 7089, in pandas._libs.hashtable.PyObjectHashTable.get_item
KeyError: 'Close'

The above exception was the direct cause of the following exception:

Traceback (most recent call last):
  File "/Users/activate/Dev/robinhood-crypto-bot/train_rl_agent.py", line 196, in train_agent
    env = create_environment(symbol_to_train, use_sentiment=True)
  File "/Users/activate/Dev/robinhood-crypto-bot/train_rl_agent.py", line 86, in create_environment
    env = CryptoTradingEnv(
  File "/Users/activate/Dev/robinhood-crypto-bot/rl_environment.py", line 111, in __init__
    self.df_processed = self._validate_data(self.df_processed)
  File "/Users/activate/Dev/robinhood-crypto-bot/rl_environment.py", line 179, in _validate_data
    df[col] = df['Close'].rolling(window=window).mean()
  File "/opt/homebrew/Caskroom/miniforge/base/lib/python3.10/site-packages/pandas/core/frame.py", line 4102, in __getitem__
    indexer = self.columns.get_loc(key)
  File "/opt/homebrew/Caskroom/miniforge/base/lib/python3.10/site-packages/pandas/core/indexes/base.py", line 3812, in get_loc
    raise KeyError(key) from err
KeyError: 'Close'

2025-05-11 03:04:06,440 - ERROR - Training error: 'Close'
2025-05-11 03:04:06,440 - ERROR - Traceback (most recent call last):
  File "/opt/homebrew/Caskroom/miniforge/base/lib/python3.10/site-packages/pandas/core/indexes/base.py", line 3805, in get_loc
    return self._engine.get_loc(casted_key)
  File "index.pyx", line 167, in pandas._libs.index.IndexEngine.get_loc
  File "index.pyx", line 196, in pandas._libs.index.IndexEngine.get_loc
  File "pandas/_libs/hashtable_class_helper.pxi", line 7081, in pandas._libs.hashtable.PyObjectHashTable.get_item
  File "pandas/_libs/hashtable_class_helper.pxi", line 7089, in pandas._libs.hashtable.PyObjectHashTable.get_item
KeyError: 'Close'

The above exception was the direct cause of the following exception:

Traceback (most recent call last):
  File "/Users/activate/Dev/robinhood-crypto-bot/train_rl_agent.py", line 196, in train_agent
    env = create_environment(symbol_to_train, use_sentiment=True)
  File "/Users/activate/Dev/robinhood-crypto-bot/train_rl_agent.py", line 86, in create_environment
    env = CryptoTradingEnv(
  File "/Users/activate/Dev/robinhood-crypto-bot/rl_environment.py", line 111, in __init__
    self.df_processed = self._validate_data(self.df_processed)
  File "/Users/activate/Dev/robinhood-crypto-bot/rl_environment.py", line 179, in _validate_data
    df[col] = df['Close'].rolling(window=window).mean()
  File "/opt/homebrew/Caskroom/miniforge/base/lib/python3.10/site-packages/pandas/core/frame.py", line 4102, in __getitem__
    indexer = self.columns.get_loc(key)
  File "/opt/homebrew/Caskroom/miniforge/base/lib/python3.10/site-packages/pandas/core/indexes/base.py", line 3812, in get_loc
    raise KeyError(key) from err
KeyError: 'Close'

2025-05-11 03:05:22,352 - INFO - Starting RL agent training for BTC-USD...
2025-05-11 03:05:22,352 - INFO - Fetching 180 days of historical data for BTC-USD...
2025-05-11 03:05:22,352 - INFO - Initializing data provider...
2025-05-11 03:05:23,279 - INFO - Initializing Crypto Trading Environment...
2025-05-11 03:05:23,679 - ERROR - Environment creation error: 'Close'
2025-05-11 03:05:23,684 - ERROR - Traceback (most recent call last):
  File "/opt/homebrew/Caskroom/miniforge/base/lib/python3.10/site-packages/pandas/core/indexes/base.py", line 3805, in get_loc
    return self._engine.get_loc(casted_key)
  File "index.pyx", line 167, in pandas._libs.index.IndexEngine.get_loc
  File "index.pyx", line 196, in pandas._libs.index.IndexEngine.get_loc
  File "pandas/_libs/hashtable_class_helper.pxi", line 7081, in pandas._libs.hashtable.PyObjectHashTable.get_item
  File "pandas/_libs/hashtable_class_helper.pxi", line 7089, in pandas._libs.hashtable.PyObjectHashTable.get_item
KeyError: 'Close'

The above exception was the direct cause of the following exception:

Traceback (most recent call last):
  File "/Users/activate/Dev/robinhood-crypto-bot/train_rl_agent.py", line 196, in train_agent
    env = create_environment(symbol_to_train, use_sentiment=True)
  File "/Users/activate/Dev/robinhood-crypto-bot/train_rl_agent.py", line 86, in create_environment
    env = CryptoTradingEnv(
  File "/Users/activate/Dev/robinhood-crypto-bot/rl_environment.py", line 111, in __init__
    self.df_processed = self._validate_data(self.df_processed)
  File "/Users/activate/Dev/robinhood-crypto-bot/rl_environment.py", line 179, in _validate_data
    df[col] = df['Close'].rolling(window=window).mean()
  File "/opt/homebrew/Caskroom/miniforge/base/lib/python3.10/site-packages/pandas/core/frame.py", line 4102, in __getitem__
    indexer = self.columns.get_loc(key)
  File "/opt/homebrew/Caskroom/miniforge/base/lib/python3.10/site-packages/pandas/core/indexes/base.py", line 3812, in get_loc
    raise KeyError(key) from err
KeyError: 'Close'

2025-05-11 03:05:23,685 - ERROR - Training error: 'Close'
2025-05-11 03:05:23,685 - ERROR - Traceback (most recent call last):
  File "/opt/homebrew/Caskroom/miniforge/base/lib/python3.10/site-packages/pandas/core/indexes/base.py", line 3805, in get_loc
    return self._engine.get_loc(casted_key)
  File "index.pyx", line 167, in pandas._libs.index.IndexEngine.get_loc
  File "index.pyx", line 196, in pandas._libs.index.IndexEngine.get_loc
  File "pandas/_libs/hashtable_class_helper.pxi", line 7081, in pandas._libs.hashtable.PyObjectHashTable.get_item
  File "pandas/_libs/hashtable_class_helper.pxi", line 7089, in pandas._libs.hashtable.PyObjectHashTable.get_item
KeyError: 'Close'

The above exception was the direct cause of the following exception:

Traceback (most recent call last):
  File "/Users/activate/Dev/robinhood-crypto-bot/train_rl_agent.py", line 196, in train_agent
    env = create_environment(symbol_to_train, use_sentiment=True)
  File "/Users/activate/Dev/robinhood-crypto-bot/train_rl_agent.py", line 86, in create_environment
    env = CryptoTradingEnv(
  File "/Users/activate/Dev/robinhood-crypto-bot/rl_environment.py", line 111, in __init__
    self.df_processed = self._validate_data(self.df_processed)
  File "/Users/activate/Dev/robinhood-crypto-bot/rl_environment.py", line 179, in _validate_data
    df[col] = df['Close'].rolling(window=window).mean()
  File "/opt/homebrew/Caskroom/miniforge/base/lib/python3.10/site-packages/pandas/core/frame.py", line 4102, in __getitem__
    indexer = self.columns.get_loc(key)
  File "/opt/homebrew/Caskroom/miniforge/base/lib/python3.10/site-packages/pandas/core/indexes/base.py", line 3812, in get_loc
    raise KeyError(key) from err
KeyError: 'Close'

2025-05-11 03:06:55,944 - INFO - Starting RL agent training for BTC-USD...
2025-05-11 03:06:55,945 - INFO - Fetching 180 days of historical data for BTC-USD...
2025-05-11 03:06:55,945 - INFO - Initializing data provider...
2025-05-11 03:06:56,739 - INFO - Initializing Crypto Trading Environment...
2025-05-11 03:06:57,008 - ERROR - Environment creation error: 'Close'
2025-05-11 03:06:57,013 - ERROR - Traceback (most recent call last):
  File "/opt/homebrew/Caskroom/miniforge/base/lib/python3.10/site-packages/pandas/core/indexes/base.py", line 3805, in get_loc
    return self._engine.get_loc(casted_key)
  File "index.pyx", line 167, in pandas._libs.index.IndexEngine.get_loc
  File "index.pyx", line 196, in pandas._libs.index.IndexEngine.get_loc
  File "pandas/_libs/hashtable_class_helper.pxi", line 7081, in pandas._libs.hashtable.PyObjectHashTable.get_item
  File "pandas/_libs/hashtable_class_helper.pxi", line 7089, in pandas._libs.hashtable.PyObjectHashTable.get_item
KeyError: 'Close'

The above exception was the direct cause of the following exception:

Traceback (most recent call last):
  File "/Users/activate/Dev/robinhood-crypto-bot/train_rl_agent.py", line 196, in train_agent
    env = create_environment(symbol_to_train, use_sentiment=True)
  File "/Users/activate/Dev/robinhood-crypto-bot/train_rl_agent.py", line 86, in create_environment
    env = CryptoTradingEnv(
  File "/Users/activate/Dev/robinhood-crypto-bot/rl_environment.py", line 111, in __init__
    self.df_processed = self._validate_data(self.df_processed)
  File "/Users/activate/Dev/robinhood-crypto-bot/rl_environment.py", line 179, in _validate_data
    df[col] = df['Close'].rolling(window=window).mean()
  File "/opt/homebrew/Caskroom/miniforge/base/lib/python3.10/site-packages/pandas/core/frame.py", line 4102, in __getitem__
    indexer = self.columns.get_loc(key)
  File "/opt/homebrew/Caskroom/miniforge/base/lib/python3.10/site-packages/pandas/core/indexes/base.py", line 3812, in get_loc
    raise KeyError(key) from err
KeyError: 'Close'

2025-05-11 03:06:57,014 - ERROR - Training error: 'Close'
2025-05-11 03:06:57,014 - ERROR - Traceback (most recent call last):
  File "/opt/homebrew/Caskroom/miniforge/base/lib/python3.10/site-packages/pandas/core/indexes/base.py", line 3805, in get_loc
    return self._engine.get_loc(casted_key)
  File "index.pyx", line 167, in pandas._libs.index.IndexEngine.get_loc
  File "index.pyx", line 196, in pandas._libs.index.IndexEngine.get_loc
  File "pandas/_libs/hashtable_class_helper.pxi", line 7081, in pandas._libs.hashtable.PyObjectHashTable.get_item
  File "pandas/_libs/hashtable_class_helper.pxi", line 7089, in pandas._libs.hashtable.PyObjectHashTable.get_item
KeyError: 'Close'

The above exception was the direct cause of the following exception:

Traceback (most recent call last):
  File "/Users/activate/Dev/robinhood-crypto-bot/train_rl_agent.py", line 196, in train_agent
    env = create_environment(symbol_to_train, use_sentiment=True)
  File "/Users/activate/Dev/robinhood-crypto-bot/train_rl_agent.py", line 86, in create_environment
    env = CryptoTradingEnv(
  File "/Users/activate/Dev/robinhood-crypto-bot/rl_environment.py", line 111, in __init__
    self.df_processed = self._validate_data(self.df_processed)
  File "/Users/activate/Dev/robinhood-crypto-bot/rl_environment.py", line 179, in _validate_data
    df[col] = df['Close'].rolling(window=window).mean()
  File "/opt/homebrew/Caskroom/miniforge/base/lib/python3.10/site-packages/pandas/core/frame.py", line 4102, in __getitem__
    indexer = self.columns.get_loc(key)
  File "/opt/homebrew/Caskroom/miniforge/base/lib/python3.10/site-packages/pandas/core/indexes/base.py", line 3812, in get_loc
    raise KeyError(key) from err
KeyError: 'Close'

2025-05-11 03:44:20,531 - INFO - Starting RL agent training for BTC-USD...
2025-05-11 03:44:20,532 - INFO - Fetching 180 days of historical data for BTC-USD...
2025-05-11 03:44:20,532 - INFO - Initializing data provider...
2025-05-11 03:44:21,698 - INFO - Initializing Crypto Trading Environment...
2025-05-11 03:44:21,948 - ERROR - Environment creation error: 'Close'
2025-05-11 03:44:21,952 - ERROR - Traceback (most recent call last):
  File "/opt/homebrew/Caskroom/miniforge/base/lib/python3.10/site-packages/pandas/core/indexes/base.py", line 3805, in get_loc
    return self._engine.get_loc(casted_key)
  File "index.pyx", line 167, in pandas._libs.index.IndexEngine.get_loc
  File "index.pyx", line 196, in pandas._libs.index.IndexEngine.get_loc
  File "pandas/_libs/hashtable_class_helper.pxi", line 7081, in pandas._libs.hashtable.PyObjectHashTable.get_item
  File "pandas/_libs/hashtable_class_helper.pxi", line 7089, in pandas._libs.hashtable.PyObjectHashTable.get_item
KeyError: 'Close'

The above exception was the direct cause of the following exception:

Traceback (most recent call last):
  File "/Users/activate/Dev/robinhood-crypto-bot/train_rl_agent.py", line 196, in train_agent
    env = create_environment(symbol_to_train, use_sentiment=True)
  File "/Users/activate/Dev/robinhood-crypto-bot/train_rl_agent.py", line 86, in create_environment
    env = CryptoTradingEnv(
  File "/Users/activate/Dev/robinhood-crypto-bot/rl_environment.py", line 111, in __init__
    self.df_processed = self._validate_data(self.df_processed)
  File "/Users/activate/Dev/robinhood-crypto-bot/rl_environment.py", line 180, in _validate_data
    df[col] = df['Close'].rolling(window=window).mean()
  File "/opt/homebrew/Caskroom/miniforge/base/lib/python3.10/site-packages/pandas/core/frame.py", line 4102, in __getitem__
    indexer = self.columns.get_loc(key)
  File "/opt/homebrew/Caskroom/miniforge/base/lib/python3.10/site-packages/pandas/core/indexes/base.py", line 3812, in get_loc
    raise KeyError(key) from err
KeyError: 'Close'

2025-05-11 03:44:21,952 - ERROR - Training error: 'Close'
2025-05-11 03:44:21,952 - ERROR - Traceback (most recent call last):
  File "/opt/homebrew/Caskroom/miniforge/base/lib/python3.10/site-packages/pandas/core/indexes/base.py", line 3805, in get_loc
    return self._engine.get_loc(casted_key)
  File "index.pyx", line 167, in pandas._libs.index.IndexEngine.get_loc
  File "index.pyx", line 196, in pandas._libs.index.IndexEngine.get_loc
  File "pandas/_libs/hashtable_class_helper.pxi", line 7081, in pandas._libs.hashtable.PyObjectHashTable.get_item
  File "pandas/_libs/hashtable_class_helper.pxi", line 7089, in pandas._libs.hashtable.PyObjectHashTable.get_item
KeyError: 'Close'

The above exception was the direct cause of the following exception:

Traceback (most recent call last):
  File "/Users/activate/Dev/robinhood-crypto-bot/train_rl_agent.py", line 196, in train_agent
    env = create_environment(symbol_to_train, use_sentiment=True)
  File "/Users/activate/Dev/robinhood-crypto-bot/train_rl_agent.py", line 86, in create_environment
    env = CryptoTradingEnv(
  File "/Users/activate/Dev/robinhood-crypto-bot/rl_environment.py", line 111, in __init__
    self.df_processed = self._validate_data(self.df_processed)
  File "/Users/activate/Dev/robinhood-crypto-bot/rl_environment.py", line 180, in _validate_data
    df[col] = df['Close'].rolling(window=window).mean()
  File "/opt/homebrew/Caskroom/miniforge/base/lib/python3.10/site-packages/pandas/core/frame.py", line 4102, in __getitem__
    indexer = self.columns.get_loc(key)
  File "/opt/homebrew/Caskroom/miniforge/base/lib/python3.10/site-packages/pandas/core/indexes/base.py", line 3812, in get_loc
    raise KeyError(key) from err
KeyError: 'Close'

2025-05-11 03:45:20,921 - __main__ - INFO - Starting RL agent training for BTC-USD...
2025-05-11 03:45:20,921 - __main__ - INFO - Fetching 180 days of historical data for BTC-USD...
2025-05-11 03:45:20,921 - __main__ - INFO - Initializing data provider...
2025-05-11 03:45:21,547 - __main__ - INFO - Initializing Crypto Trading Environment...
2025-05-11 03:45:21,791 - __main__ - ERROR - Environment creation error: 'Close'
2025-05-11 03:45:21,797 - __main__ - ERROR - Traceback (most recent call last):
  File "/opt/homebrew/Caskroom/miniforge/base/lib/python3.10/site-packages/pandas/core/indexes/base.py", line 3805, in get_loc
    return self._engine.get_loc(casted_key)
  File "index.pyx", line 167, in pandas._libs.index.IndexEngine.get_loc
  File "index.pyx", line 196, in pandas._libs.index.IndexEngine.get_loc
  File "pandas/_libs/hashtable_class_helper.pxi", line 7081, in pandas._libs.hashtable.PyObjectHashTable.get_item
  File "pandas/_libs/hashtable_class_helper.pxi", line 7089, in pandas._libs.hashtable.PyObjectHashTable.get_item
KeyError: 'Close'

The above exception was the direct cause of the following exception:

Traceback (most recent call last):
  File "/Users/activate/Dev/robinhood-crypto-bot/train_rl_agent.py", line 197, in train_agent
    env = create_environment(symbol_to_train, use_sentiment=True)
  File "/Users/activate/Dev/robinhood-crypto-bot/train_rl_agent.py", line 87, in create_environment
    env = CryptoTradingEnv(
  File "/Users/activate/Dev/robinhood-crypto-bot/rl_environment.py", line 111, in __init__
    self.df_processed = self._validate_data(self.df_processed)
  File "/Users/activate/Dev/robinhood-crypto-bot/rl_environment.py", line 180, in _validate_data
    df[col] = df['Close'].rolling(window=window).mean()
  File "/opt/homebrew/Caskroom/miniforge/base/lib/python3.10/site-packages/pandas/core/frame.py", line 4102, in __getitem__
    indexer = self.columns.get_loc(key)
  File "/opt/homebrew/Caskroom/miniforge/base/lib/python3.10/site-packages/pandas/core/indexes/base.py", line 3812, in get_loc
    raise KeyError(key) from err
KeyError: 'Close'

2025-05-11 03:45:21,797 - __main__ - ERROR - Training error: 'Close'
2025-05-11 03:45:21,797 - __main__ - ERROR - Traceback (most recent call last):
  File "/opt/homebrew/Caskroom/miniforge/base/lib/python3.10/site-packages/pandas/core/indexes/base.py", line 3805, in get_loc
    return self._engine.get_loc(casted_key)
  File "index.pyx", line 167, in pandas._libs.index.IndexEngine.get_loc
  File "index.pyx", line 196, in pandas._libs.index.IndexEngine.get_loc
  File "pandas/_libs/hashtable_class_helper.pxi", line 7081, in pandas._libs.hashtable.PyObjectHashTable.get_item
  File "pandas/_libs/hashtable_class_helper.pxi", line 7089, in pandas._libs.hashtable.PyObjectHashTable.get_item
KeyError: 'Close'

The above exception was the direct cause of the following exception:

Traceback (most recent call last):
  File "/Users/activate/Dev/robinhood-crypto-bot/train_rl_agent.py", line 197, in train_agent
    env = create_environment(symbol_to_train, use_sentiment=True)
  File "/Users/activate/Dev/robinhood-crypto-bot/train_rl_agent.py", line 87, in create_environment
    env = CryptoTradingEnv(
  File "/Users/activate/Dev/robinhood-crypto-bot/rl_environment.py", line 111, in __init__
    self.df_processed = self._validate_data(self.df_processed)
  File "/Users/activate/Dev/robinhood-crypto-bot/rl_environment.py", line 180, in _validate_data
    df[col] = df['Close'].rolling(window=window).mean()
  File "/opt/homebrew/Caskroom/miniforge/base/lib/python3.10/site-packages/pandas/core/frame.py", line 4102, in __getitem__
    indexer = self.columns.get_loc(key)
  File "/opt/homebrew/Caskroom/miniforge/base/lib/python3.10/site-packages/pandas/core/indexes/base.py", line 3812, in get_loc
    raise KeyError(key) from err
KeyError: 'Close'

2025-05-11 03:47:26,254 - __main__ - INFO - Starting RL agent training for BTC-USD...
2025-05-11 03:47:26,255 - __main__ - INFO - Fetching 180 days of historical data for BTC-USD...
2025-05-11 03:47:26,255 - __main__ - INFO - Initializing data provider...
2025-05-11 03:47:27,139 - __main__ - INFO - Initializing Crypto Trading Environment...
2025-05-11 03:47:28,754 - __main__ - INFO - Environment created successfully.
2025-05-11 03:47:28,755 - __main__ - INFO - Applying custom hyperparameters: {'learning_rate': 0.0011398979077466161, 'batch_size': 32, 'n_steps': 9074, 'gamma': 0.985762576774885, 'gae_lambda': 0.810001434716043, 'ent_coef': 0.0021744055223654243, 'clip_range': 0.2929392092750005}
2025-05-11 03:47:28,755 - __main__ - INFO - Using model parameters: {'policy': 'MlpPolicy', 'env': <stable_baselines3.common.vec_env.dummy_vec_env.DummyVecEnv object at 0x16fb66b90>, 'verbose': 1, 'seed': 42, 'learning_rate': 0.0011398979077466161, 'batch_size': 32, 'n_steps': 9074, 'gamma': 0.985762576774885, 'gae_lambda': 0.810001434716043, 'ent_coef': 0.0021744055223654243, 'clip_range': 0.2929392092750005}
2025-05-11 03:47:29,491 - __main__ - ERROR - Training failed: operands could not be broadcast together with shapes (9,) (31,) (31,) 
2025-05-11 03:47:29,493 - __main__ - ERROR - Traceback (most recent call last):
  File "/Users/activate/Dev/robinhood-crypto-bot/train_rl_agent.py", line 305, in train_agent
    model.learn(
  File "/opt/homebrew/Caskroom/miniforge/base/lib/python3.10/site-packages/stable_baselines3/ppo/ppo.py", line 311, in learn
    return super().learn(
  File "/opt/homebrew/Caskroom/miniforge/base/lib/python3.10/site-packages/stable_baselines3/common/on_policy_algorithm.py", line 311, in learn
    total_timesteps, callback = self._setup_learn(
  File "/opt/homebrew/Caskroom/miniforge/base/lib/python3.10/site-packages/stable_baselines3/common/base_class.py", line 424, in _setup_learn
    self._last_obs = self.env.reset()  # type: ignore[assignment]
  File "/opt/homebrew/Caskroom/miniforge/base/lib/python3.10/site-packages/stable_baselines3/common/vec_env/dummy_vec_env.py", line 78, in reset
    obs, self.reset_infos[env_idx] = self.envs[env_idx].reset(seed=self._seeds[env_idx], **maybe_options)
  File "/Users/activate/Dev/robinhood-crypto-bot/rl_environment.py", line 998, in reset
    initial_observation = np.clip(
  File "/opt/homebrew/Caskroom/miniforge/base/lib/python3.10/site-packages/numpy/core/fromnumeric.py", line 2169, in clip
    return _wrapfunc(a, 'clip', a_min, a_max, out=out, **kwargs)
  File "/opt/homebrew/Caskroom/miniforge/base/lib/python3.10/site-packages/numpy/core/fromnumeric.py", line 59, in _wrapfunc
    return bound(*args, **kwds)
  File "/opt/homebrew/Caskroom/miniforge/base/lib/python3.10/site-packages/numpy/core/_methods.py", line 99, in _clip
    return um.clip(a, min, max, out=out, **kwargs)
ValueError: operands could not be broadcast together with shapes (9,) (31,) (31,) 

2025-05-11 03:47:29,494 - __main__ - INFO - Training script finished.
2025-05-11 03:50:32,608 - __main__ - INFO - Starting RL agent training for BTC-USD...
2025-05-11 03:50:32,608 - __main__ - INFO - Fetching 180 days of historical data for BTC-USD...
2025-05-11 03:50:32,608 - __main__ - INFO - Initializing data provider...
2025-05-11 03:50:33,575 - __main__ - INFO - Initializing Crypto Trading Environment...
2025-05-11 03:50:35,381 - __main__ - INFO - Environment created successfully.
2025-05-11 03:50:35,381 - __main__ - INFO - Environment created successfully.
2025-05-11 03:50:35,381 - __main__ - INFO - Applying custom hyperparameters: {'learning_rate': 0.0011398979077466161, 'batch_size': 32, 'n_steps': 9074, 'gamma': 0.985762576774885, 'gae_lambda': 0.810001434716043, 'ent_coef': 0.0021744055223654243, 'clip_range': 0.2929392092750005}
2025-05-11 03:50:35,381 - __main__ - INFO - Using model parameters: {'policy': 'MlpPolicy', 'env': <stable_baselines3.common.vec_env.dummy_vec_env.DummyVecEnv object at 0x16753eb90>, 'verbose': 1, 'seed': 42, 'learning_rate': 0.0011398979077466161, 'batch_size': 32, 'n_steps': 9074, 'gamma': 0.985762576774885, 'gae_lambda': 0.810001434716043, 'ent_coef': 0.0021744055223654243, 'clip_range': 0.2929392092750005}
2025-05-11 03:50:36,080 - __main__ - INFO - Training started
2025-05-11 03:59:31,984 - __main__ - INFO - Training script finished.
2025-05-11 04:00:23,062 - __main__ - INFO - Starting RL agent training for BTC-USD...
2025-05-11 04:00:23,062 - __main__ - INFO - Fetching 180 days of historical data for BTC-USD...
2025-05-11 04:00:23,062 - __main__ - INFO - Initializing data provider...
2025-05-11 04:00:23,839 - __main__ - INFO - Initializing Crypto Trading Environment...
2025-05-11 04:00:25,348 - __main__ - INFO - Environment created successfully.
2025-05-11 04:00:25,349 - __main__ - INFO - Environment created successfully.
2025-05-11 04:00:25,349 - __main__ - INFO - Applying custom hyperparameters: {'learning_rate': 0.0011398979077466161, 'batch_size': 32, 'n_steps': 9074, 'gamma': 0.985762576774885, 'gae_lambda': 0.810001434716043, 'ent_coef': 0.0021744055223654243, 'clip_range': 0.2929392092750005}
2025-05-11 04:00:25,349 - __main__ - INFO - Using model parameters: {'policy': 'MlpPolicy', 'env': <stable_baselines3.common.vec_env.dummy_vec_env.DummyVecEnv object at 0x166962110>, 'verbose': 1, 'seed': 42, 'learning_rate': 0.0011398979077466161, 'batch_size': 32, 'n_steps': 9074, 'gamma': 0.985762576774885, 'gae_lambda': 0.810001434716043, 'ent_coef': 0.0021744055223654243, 'clip_range': 0.2929392092750005}
2025-05-11 04:00:26,045 - __main__ - INFO - Training started
2025-05-11 04:00:44,282 - __main__ - INFO - Starting RL agent training for BTC-USD...
2025-05-11 04:00:44,283 - __main__ - INFO - Fetching 180 days of historical data for BTC-USD...
2025-05-11 04:00:44,283 - __main__ - INFO - Initializing data provider...
2025-05-11 04:00:44,895 - __main__ - INFO - Initializing Crypto Trading Environment...
2025-05-11 04:00:46,414 - __main__ - INFO - Environment created successfully.
2025-05-11 04:00:46,414 - __main__ - INFO - Environment created successfully.
2025-05-11 04:00:46,414 - __main__ - INFO - Applying custom hyperparameters: {'learning_rate': 0.0011398979077466161, 'batch_size': 32, 'n_steps': 9074, 'gamma': 0.985762576774885, 'gae_lambda': 0.810001434716043, 'ent_coef': 0.0021744055223654243, 'clip_range': 0.2929392092750005}
2025-05-11 04:00:46,414 - __main__ - INFO - Using model parameters: {'policy': 'MlpPolicy', 'env': <stable_baselines3.common.vec_env.dummy_vec_env.DummyVecEnv object at 0x161566440>, 'verbose': 1, 'seed': 42, 'learning_rate': 0.0011398979077466161, 'batch_size': 32, 'n_steps': 9074, 'gamma': 0.985762576774885, 'gae_lambda': 0.810001434716043, 'ent_coef': 0.0021744055223654243, 'clip_range': 0.2929392092750005}
2025-05-11 04:00:47,071 - __main__ - INFO - Training started
2025-05-11 04:01:03,431 - __main__ - INFO - Training script finished.
2025-05-11 04:01:12,416 - __main__ - INFO - Starting RL agent training for BTC-USD...
2025-05-11 04:01:12,417 - __main__ - INFO - Fetching 180 days of historical data for BTC-USD...
2025-05-11 04:01:12,417 - __main__ - INFO - Initializing data provider...
2025-05-11 04:01:13,084 - __main__ - INFO - Initializing Crypto Trading Environment...
2025-05-11 04:01:14,882 - __main__ - INFO - Environment created successfully.
2025-05-11 04:01:14,883 - __main__ - INFO - Environment created successfully.
2025-05-11 04:01:14,883 - __main__ - INFO - Applying custom hyperparameters: {'learning_rate': 0.0011398979077466161, 'batch_size': 32, 'n_steps': 9074, 'gamma': 0.985762576774885, 'gae_lambda': 0.810001434716043, 'ent_coef': 0.0021744055223654243, 'clip_range': 0.2929392092750005}
2025-05-11 04:01:14,883 - __main__ - INFO - Using model parameters: {'policy': 'MlpPolicy', 'env': <stable_baselines3.common.vec_env.dummy_vec_env.DummyVecEnv object at 0x1706da1d0>, 'verbose': 1, 'seed': 42, 'learning_rate': 0.0011398979077466161, 'batch_size': 32, 'n_steps': 9074, 'gamma': 0.985762576774885, 'gae_lambda': 0.810001434716043, 'ent_coef': 0.0021744055223654243, 'clip_range': 0.2929392092750005}
2025-05-11 04:01:38,504 - __main__ - INFO - Starting RL agent training for BTC-USD...
2025-05-11 04:01:38,505 - __main__ - INFO - Fetching 180 days of historical data for BTC-USD...
2025-05-11 04:01:38,505 - __main__ - INFO - Initializing data provider...
2025-05-11 04:01:39,262 - __main__ - INFO - Initializing Crypto Trading Environment...
2025-05-11 04:01:41,113 - __main__ - INFO - Environment created successfully.
2025-05-11 04:01:41,113 - __main__ - INFO - Environment created successfully.
2025-05-11 04:01:41,113 - __main__ - INFO - Applying custom hyperparameters: {'learning_rate': 0.0011398979077466161, 'batch_size': 32, 'n_steps': 9074, 'gamma': 0.985762576774885, 'gae_lambda': 0.810001434716043, 'ent_coef': 0.0021744055223654243, 'clip_range': 0.2929392092750005}
2025-05-11 04:01:41,113 - __main__ - INFO - Using model parameters: {'policy': 'MlpPolicy', 'env': <stable_baselines3.common.vec_env.dummy_vec_env.DummyVecEnv object at 0x1690d9960>, 'verbose': 1, 'seed': 42, 'learning_rate': 0.0011398979077466161, 'batch_size': 32, 'n_steps': 9074, 'gamma': 0.985762576774885, 'gae_lambda': 0.810001434716043, 'ent_coef': 0.0021744055223654243, 'clip_range': 0.2929392092750005}
2025-05-11 04:01:41,776 - __main__ - INFO - Training started
2025-05-11 04:01:43,102 - __main__ - INFO - Training script finished.
2025-05-11 04:05:01,297 - __main__ - INFO - Starting RL agent training for BTC-USD...
2025-05-11 04:05:01,297 - __main__ - INFO - Fetching 180 days of historical data for BTC-USD...
2025-05-11 04:05:01,297 - __main__ - INFO - Initializing data provider...
2025-05-11 04:05:02,185 - __main__ - INFO - Initializing Crypto Trading Environment...
2025-05-11 04:05:03,857 - __main__ - INFO - Environment created successfully.
2025-05-11 04:05:03,858 - __main__ - INFO - Environment created successfully.
2025-05-11 04:05:03,858 - __main__ - INFO - Applying custom hyperparameters: {'learning_rate': 0.0011398979077466161, 'batch_size': 32, 'n_steps': 9074, 'gamma': 0.985762576774885, 'gae_lambda': 0.810001434716043, 'ent_coef': 0.0021744055223654243, 'clip_range': 0.2929392092750005}
2025-05-11 04:05:03,858 - __main__ - INFO - Using model parameters: {'policy': 'MlpPolicy', 'env': <stable_baselines3.common.vec_env.dummy_vec_env.DummyVecEnv object at 0x1683d9750>, 'verbose': 1, 'seed': 42, 'learning_rate': 0.0011398979077466161, 'batch_size': 32, 'n_steps': 9074, 'gamma': 0.985762576774885, 'gae_lambda': 0.810001434716043, 'ent_coef': 0.0021744055223654243, 'clip_range': 0.2929392092750005}
2025-05-11 04:05:04,542 - __main__ - INFO - Training started
2025-05-11 04:05:05,543 - __main__ - INFO - Training Progress: 2.00%
2025-05-11 04:05:05,543 - __main__ - INFO - Step 1000/50000
2025-05-11 04:05:05,543 - __main__ - INFO - Elapsed Time: 1.00 seconds
2025-05-11 04:05:05,543 - __main__ - INFO - Steps per Second: 998.88
2025-05-11 04:05:05,976 - __main__ - INFO - Training Progress: 4.00%
2025-05-11 04:05:05,977 - __main__ - INFO - Step 2000/50000
2025-05-11 04:05:05,977 - __main__ - INFO - Elapsed Time: 1.44 seconds
2025-05-11 04:05:05,977 - __main__ - INFO - Steps per Second: 1393.64
2025-05-11 04:05:06,376 - __main__ - INFO - Training Progress: 6.00%
2025-05-11 04:05:06,377 - __main__ - INFO - Step 3000/50000
2025-05-11 04:05:06,377 - __main__ - INFO - Elapsed Time: 1.83 seconds
2025-05-11 04:05:06,377 - __main__ - INFO - Steps per Second: 1634.89
2025-05-11 04:05:06,828 - __main__ - INFO - Training Progress: 8.00%
2025-05-11 04:05:06,828 - __main__ - INFO - Step 4000/50000
2025-05-11 04:05:06,828 - __main__ - INFO - Elapsed Time: 2.29 seconds
2025-05-11 04:05:06,828 - __main__ - INFO - Steps per Second: 1749.22
2025-05-11 04:05:07,208 - __main__ - INFO - Training Progress: 10.00%
2025-05-11 04:05:07,208 - __main__ - INFO - Step 5000/50000
2025-05-11 04:05:07,208 - __main__ - INFO - Elapsed Time: 2.67 seconds
2025-05-11 04:05:07,208 - __main__ - INFO - Steps per Second: 1875.07
2025-05-11 04:05:07,598 - __main__ - INFO - Training Progress: 12.00%
2025-05-11 04:05:07,598 - __main__ - INFO - Step 6000/50000
2025-05-11 04:05:07,598 - __main__ - INFO - Elapsed Time: 3.06 seconds
2025-05-11 04:05:07,598 - __main__ - INFO - Steps per Second: 1962.86
2025-05-11 04:05:07,988 - __main__ - INFO - Training Progress: 14.00%
2025-05-11 04:05:07,989 - __main__ - INFO - Step 7000/50000
2025-05-11 04:05:07,989 - __main__ - INFO - Elapsed Time: 3.45 seconds
2025-05-11 04:05:07,989 - __main__ - INFO - Steps per Second: 2030.73
2025-05-11 04:05:08,387 - __main__ - INFO - Training Progress: 16.00%
2025-05-11 04:05:08,387 - __main__ - INFO - Step 8000/50000
2025-05-11 04:05:08,387 - __main__ - INFO - Elapsed Time: 3.85 seconds
2025-05-11 04:05:08,388 - __main__ - INFO - Steps per Second: 2080.13
2025-05-11 04:05:08,858 - __main__ - INFO - Training Progress: 18.00%
2025-05-11 04:05:08,859 - __main__ - INFO - Step 9000/50000
2025-05-11 04:05:08,859 - __main__ - INFO - Elapsed Time: 4.32 seconds
2025-05-11 04:05:08,859 - __main__ - INFO - Steps per Second: 2084.86
2025-05-11 04:05:11,898 - __main__ - INFO - Training Progress: 20.00%
2025-05-11 04:05:11,899 - __main__ - INFO - Step 10000/50000
2025-05-11 04:05:11,900 - __main__ - INFO - Elapsed Time: 7.36 seconds
2025-05-11 04:05:11,900 - __main__ - INFO - Steps per Second: 1359.33
2025-05-11 04:05:20,215 - __main__ - INFO - Training Progress: 22.00%
2025-05-11 04:05:20,215 - __main__ - INFO - Step 11000/50000
2025-05-11 04:05:20,216 - __main__ - INFO - Elapsed Time: 15.67 seconds
2025-05-11 04:05:20,216 - __main__ - INFO - Steps per Second: 701.81
2025-05-11 04:05:20,624 - __main__ - INFO - Training Progress: 24.00%
2025-05-11 04:05:20,624 - __main__ - INFO - Step 12000/50000
2025-05-11 04:05:20,624 - __main__ - INFO - Elapsed Time: 16.08 seconds
2025-05-11 04:05:20,624 - __main__ - INFO - Steps per Second: 746.14
2025-05-11 04:05:21,038 - __main__ - INFO - Training Progress: 26.00%
2025-05-11 04:05:21,039 - __main__ - INFO - Step 13000/50000
2025-05-11 04:05:21,039 - __main__ - INFO - Elapsed Time: 16.50 seconds
2025-05-11 04:05:21,039 - __main__ - INFO - Steps per Second: 788.02
2025-05-11 04:05:21,450 - __main__ - INFO - Training Progress: 28.00%
2025-05-11 04:05:21,450 - __main__ - INFO - Step 14000/50000
2025-05-11 04:05:21,451 - __main__ - INFO - Elapsed Time: 16.91 seconds
2025-05-11 04:05:21,451 - __main__ - INFO - Steps per Second: 827.96
2025-05-11 04:05:21,852 - __main__ - INFO - Training Progress: 30.00%
2025-05-11 04:05:21,852 - __main__ - INFO - Step 15000/50000
2025-05-11 04:05:21,852 - __main__ - INFO - Elapsed Time: 17.31 seconds
2025-05-11 04:05:21,852 - __main__ - INFO - Steps per Second: 866.54
2025-05-11 04:05:22,241 - __main__ - INFO - Training Progress: 32.00%
2025-05-11 04:05:22,241 - __main__ - INFO - Step 16000/50000
2025-05-11 04:05:22,241 - __main__ - INFO - Elapsed Time: 17.70 seconds
2025-05-11 04:05:22,242 - __main__ - INFO - Steps per Second: 903.96
2025-05-11 04:05:22,633 - __main__ - INFO - Training Progress: 34.00%
2025-05-11 04:05:22,633 - __main__ - INFO - Step 17000/50000
2025-05-11 04:05:22,633 - __main__ - INFO - Elapsed Time: 18.09 seconds
2025-05-11 04:05:22,633 - __main__ - INFO - Steps per Second: 939.67
2025-05-11 04:05:23,076 - __main__ - INFO - Training Progress: 36.00%
2025-05-11 04:05:23,076 - __main__ - INFO - Step 18000/50000
2025-05-11 04:05:23,076 - __main__ - INFO - Elapsed Time: 18.53 seconds
2025-05-11 04:05:23,076 - __main__ - INFO - Steps per Second: 971.17
2025-05-11 04:05:26,062 - __main__ - INFO - Training Progress: 38.00%
2025-05-11 04:05:26,062 - __main__ - INFO - Step 19000/50000
2025-05-11 04:05:26,062 - __main__ - INFO - Elapsed Time: 21.52 seconds
2025-05-11 04:05:26,062 - __main__ - INFO - Steps per Second: 882.89
2025-05-11 04:05:26,454 - __main__ - INFO - Training Progress: 40.00%
2025-05-11 04:05:26,455 - __main__ - INFO - Step 20000/50000
2025-05-11 04:05:26,455 - __main__ - INFO - Elapsed Time: 21.91 seconds
2025-05-11 04:05:26,455 - __main__ - INFO - Steps per Second: 912.70
2025-05-11 04:05:34,584 - __main__ - INFO - Training Progress: 42.00%
2025-05-11 04:05:34,584 - __main__ - INFO - Step 21000/50000
2025-05-11 04:05:34,585 - __main__ - INFO - Elapsed Time: 30.04 seconds
2025-05-11 04:05:34,585 - __main__ - INFO - Steps per Second: 699.01
2025-05-11 04:05:34,969 - __main__ - INFO - Training Progress: 44.00%
2025-05-11 04:05:34,969 - __main__ - INFO - Step 22000/50000
2025-05-11 04:05:34,969 - __main__ - INFO - Elapsed Time: 30.43 seconds
2025-05-11 04:05:34,969 - __main__ - INFO - Steps per Second: 723.03
2025-05-11 04:05:35,363 - __main__ - INFO - Training Progress: 46.00%
2025-05-11 04:05:35,363 - __main__ - INFO - Step 23000/50000
2025-05-11 04:05:35,363 - __main__ - INFO - Elapsed Time: 30.82 seconds
2025-05-11 04:05:35,363 - __main__ - INFO - Steps per Second: 746.23
2025-05-11 04:05:35,765 - __main__ - INFO - Training Progress: 48.00%
2025-05-11 04:05:35,765 - __main__ - INFO - Step 24000/50000
2025-05-11 04:05:35,765 - __main__ - INFO - Elapsed Time: 31.22 seconds
2025-05-11 04:05:35,765 - __main__ - INFO - Steps per Second: 768.65
2025-05-11 04:05:36,157 - __main__ - INFO - Training Progress: 50.00%
2025-05-11 04:05:36,158 - __main__ - INFO - Step 25000/50000
2025-05-11 04:05:36,158 - __main__ - INFO - Elapsed Time: 31.62 seconds
2025-05-11 04:05:36,158 - __main__ - INFO - Steps per Second: 790.74
2025-05-11 04:05:36,539 - __main__ - INFO - Training Progress: 52.00%
2025-05-11 04:05:36,540 - __main__ - INFO - Step 26000/50000
2025-05-11 04:05:36,540 - __main__ - INFO - Elapsed Time: 32.00 seconds
2025-05-11 04:05:36,540 - __main__ - INFO - Steps per Second: 812.55
2025-05-11 04:05:36,939 - __main__ - INFO - Training Progress: 54.00%
2025-05-11 04:05:36,939 - __main__ - INFO - Step 27000/50000
2025-05-11 04:05:36,939 - __main__ - INFO - Elapsed Time: 32.40 seconds
2025-05-11 04:05:36,939 - __main__ - INFO - Steps per Second: 833.41
2025-05-11 04:05:39,921 - __main__ - INFO - Training Progress: 56.00%
2025-05-11 04:05:39,921 - __main__ - INFO - Step 28000/50000
2025-05-11 04:05:39,921 - __main__ - INFO - Elapsed Time: 35.38 seconds
2025-05-11 04:05:39,921 - __main__ - INFO - Steps per Second: 791.43
2025-05-11 04:05:40,310 - __main__ - INFO - Training Progress: 58.00%
2025-05-11 04:05:40,311 - __main__ - INFO - Step 29000/50000
2025-05-11 04:05:40,311 - __main__ - INFO - Elapsed Time: 35.77 seconds
2025-05-11 04:05:40,311 - __main__ - INFO - Steps per Second: 810.78
2025-05-11 04:05:40,692 - __main__ - INFO - Training Progress: 60.00%
2025-05-11 04:05:40,692 - __main__ - INFO - Step 30000/50000
2025-05-11 04:05:40,692 - __main__ - INFO - Elapsed Time: 36.15 seconds
2025-05-11 04:05:40,692 - __main__ - INFO - Steps per Second: 829.87
2025-05-11 04:05:48,789 - __main__ - INFO - Training Progress: 62.00%
2025-05-11 04:05:48,789 - __main__ - INFO - Step 31000/50000
2025-05-11 04:05:48,789 - __main__ - INFO - Elapsed Time: 44.25 seconds
2025-05-11 04:05:48,789 - __main__ - INFO - Steps per Second: 700.61
2025-05-11 04:05:49,186 - __main__ - INFO - Training Progress: 64.00%
2025-05-11 04:05:49,186 - __main__ - INFO - Step 32000/50000
2025-05-11 04:05:49,186 - __main__ - INFO - Elapsed Time: 44.64 seconds
2025-05-11 04:05:49,186 - __main__ - INFO - Steps per Second: 716.78
2025-05-11 04:05:49,627 - __main__ - INFO - Training Progress: 66.00%
2025-05-11 04:05:49,627 - __main__ - INFO - Step 33000/50000
2025-05-11 04:05:49,627 - __main__ - INFO - Elapsed Time: 45.09 seconds
2025-05-11 04:05:49,628 - __main__ - INFO - Steps per Second: 731.94
2025-05-11 04:05:50,036 - __main__ - INFO - Training Progress: 68.00%
2025-05-11 04:05:50,036 - __main__ - INFO - Step 34000/50000
2025-05-11 04:05:50,036 - __main__ - INFO - Elapsed Time: 45.49 seconds
2025-05-11 04:05:50,037 - __main__ - INFO - Steps per Second: 747.34
2025-05-11 04:05:50,551 - __main__ - INFO - Training Progress: 70.00%
2025-05-11 04:05:50,551 - __main__ - INFO - Step 35000/50000
2025-05-11 04:05:50,551 - __main__ - INFO - Elapsed Time: 46.01 seconds
2025-05-11 04:05:50,551 - __main__ - INFO - Steps per Second: 760.71
2025-05-11 04:05:50,942 - __main__ - INFO - Training Progress: 72.00%
2025-05-11 04:05:50,942 - __main__ - INFO - Step 36000/50000
2025-05-11 04:05:50,942 - __main__ - INFO - Elapsed Time: 46.40 seconds
2025-05-11 04:05:50,942 - __main__ - INFO - Steps per Second: 775.85
2025-05-11 04:05:53,997 - __main__ - INFO - Training Progress: 74.00%
2025-05-11 04:05:53,997 - __main__ - INFO - Step 37000/50000
2025-05-11 04:05:53,997 - __main__ - INFO - Elapsed Time: 49.46 seconds
2025-05-11 04:05:53,997 - __main__ - INFO - Steps per Second: 748.14
2025-05-11 04:05:54,411 - __main__ - INFO - Training Progress: 76.00%
2025-05-11 04:05:54,411 - __main__ - INFO - Step 38000/50000
2025-05-11 04:05:54,411 - __main__ - INFO - Elapsed Time: 49.87 seconds
2025-05-11 04:05:54,411 - __main__ - INFO - Steps per Second: 761.99
2025-05-11 04:05:54,793 - __main__ - INFO - Training Progress: 78.00%
2025-05-11 04:05:54,793 - __main__ - INFO - Step 39000/50000
2025-05-11 04:05:54,793 - __main__ - INFO - Elapsed Time: 50.25 seconds
2025-05-11 04:05:54,793 - __main__ - INFO - Steps per Second: 776.09
2025-05-11 04:05:55,185 - __main__ - INFO - Training Progress: 80.00%
2025-05-11 04:05:55,185 - __main__ - INFO - Step 40000/50000
2025-05-11 04:05:55,185 - __main__ - INFO - Elapsed Time: 50.64 seconds
2025-05-11 04:05:55,185 - __main__ - INFO - Steps per Second: 789.83
2025-05-11 04:06:03,054 - __main__ - INFO - Training Progress: 82.00%
2025-05-11 04:06:03,055 - __main__ - INFO - Step 41000/50000
2025-05-11 04:06:03,055 - __main__ - INFO - Elapsed Time: 58.51 seconds
2025-05-11 04:06:03,055 - __main__ - INFO - Steps per Second: 700.70
2025-05-11 04:06:03,450 - __main__ - INFO - Training Progress: 84.00%
2025-05-11 04:06:03,451 - __main__ - INFO - Step 42000/50000
2025-05-11 04:06:03,451 - __main__ - INFO - Elapsed Time: 58.91 seconds
2025-05-11 04:06:03,451 - __main__ - INFO - Steps per Second: 712.96
2025-05-11 04:06:03,855 - __main__ - INFO - Training Progress: 86.00%
2025-05-11 04:06:03,855 - __main__ - INFO - Step 43000/50000
2025-05-11 04:06:03,855 - __main__ - INFO - Elapsed Time: 59.31 seconds
2025-05-11 04:06:03,855 - __main__ - INFO - Steps per Second: 724.96
2025-05-11 04:06:04,274 - __main__ - INFO - Training Progress: 88.00%
2025-05-11 04:06:04,274 - __main__ - INFO - Step 44000/50000
2025-05-11 04:06:04,275 - __main__ - INFO - Elapsed Time: 59.73 seconds
2025-05-11 04:06:04,275 - __main__ - INFO - Steps per Second: 736.61
2025-05-11 04:06:04,655 - __main__ - INFO - Training Progress: 90.00%
2025-05-11 04:06:04,655 - __main__ - INFO - Step 45000/50000
2025-05-11 04:06:04,655 - __main__ - INFO - Elapsed Time: 60.11 seconds
2025-05-11 04:06:04,656 - __main__ - INFO - Steps per Second: 748.58
2025-05-11 04:06:07,633 - __main__ - INFO - Training Progress: 92.00%
2025-05-11 04:06:07,636 - __main__ - INFO - Step 46000/50000
2025-05-11 04:06:07,636 - __main__ - INFO - Elapsed Time: 63.09 seconds
2025-05-11 04:06:07,636 - __main__ - INFO - Steps per Second: 729.10
2025-05-11 04:06:08,044 - __main__ - INFO - Training Progress: 94.00%
2025-05-11 04:06:08,044 - __main__ - INFO - Step 47000/50000
2025-05-11 04:06:08,044 - __main__ - INFO - Elapsed Time: 63.50 seconds
2025-05-11 04:06:08,044 - __main__ - INFO - Steps per Second: 740.13
2025-05-11 04:06:08,456 - __main__ - INFO - Training Progress: 96.00%
2025-05-11 04:06:08,456 - __main__ - INFO - Step 48000/50000
2025-05-11 04:06:08,457 - __main__ - INFO - Elapsed Time: 63.91 seconds
2025-05-11 04:06:08,457 - __main__ - INFO - Steps per Second: 751.00
2025-05-11 04:06:08,841 - __main__ - INFO - Training Progress: 98.00%
2025-05-11 04:06:08,841 - __main__ - INFO - Step 49000/50000
2025-05-11 04:06:08,841 - __main__ - INFO - Elapsed Time: 64.30 seconds
2025-05-11 04:06:08,841 - __main__ - INFO - Steps per Second: 762.06
2025-05-11 04:06:09,227 - __main__ - INFO - Training Progress: 100.00%
2025-05-11 04:06:09,227 - __main__ - INFO - Step 50000/50000
2025-05-11 04:06:09,227 - __main__ - INFO - Elapsed Time: 64.69 seconds
2025-05-11 04:06:09,228 - __main__ - INFO - Steps per Second: 772.97
2025-05-11 04:06:16,798 - __main__ - INFO - Training completed
2025-05-11 04:06:16,803 - __main__ - INFO - Model saved to trained_models/BTC_USD_PPO_optimized_may3_50000steps.zip
2025-05-11 04:06:16,803 - __main__ - INFO - Training Summary:
2025-05-11 04:06:16,803 - __main__ - INFO - Total Training Steps: 50000
2025-05-11 04:06:16,803 - __main__ - INFO - Total Training Episodes: 5
2025-05-11 04:06:16,803 - __main__ - INFO - No episode rewards recorded.
2025-05-11 04:06:16,803 - __main__ - INFO - Training script finished.
2025-05-11 04:22:32,914 - __main__ - INFO - Starting RL agent training for BTC-USD...
2025-05-11 04:22:32,916 - __main__ - INFO - Fetching 180 days of historical data for BTC-USD...
2025-05-11 04:22:32,916 - __main__ - INFO - Initializing data provider...
2025-05-11 04:22:33,876 - __main__ - INFO - Initializing Crypto Trading Environment...
2025-05-11 04:22:35,485 - __main__ - INFO - Environment created successfully.
2025-05-11 04:22:35,485 - __main__ - INFO - Environment created successfully.
2025-05-11 04:22:35,485 - __main__ - INFO - Applying custom hyperparameters: {'learning_rate': 0.0011398979077466161, 'batch_size': 32, 'n_steps': 9074, 'gamma': 0.985762576774885, 'gae_lambda': 0.810001434716043, 'ent_coef': 0.0021744055223654243, 'clip_range': 0.2929392092750005}
2025-05-11 04:22:35,485 - __main__ - INFO - Using model parameters: {'policy': 'MlpPolicy', 'env': <stable_baselines3.common.vec_env.dummy_vec_env.DummyVecEnv object at 0x178f69f00>, 'verbose': 1, 'seed': 42, 'learning_rate': 0.0011398979077466161, 'batch_size': 32, 'n_steps': 9074, 'gamma': 0.985762576774885, 'gae_lambda': 0.810001434716043, 'ent_coef': 0.0021744055223654243, 'clip_range': 0.2929392092750005}
2025-05-11 04:22:36,380 - __main__ - INFO - Training started
2025-05-11 04:22:37,400 - __main__ - INFO - Training Progress: 2.00%
2025-05-11 04:22:37,400 - __main__ - INFO - Step 1000/50000
2025-05-11 04:22:37,400 - __main__ - INFO - Elapsed Time: 1.02 seconds
2025-05-11 04:22:37,400 - __main__ - INFO - Steps per Second: 979.65
2025-05-11 04:22:37,791 - __main__ - INFO - Training Progress: 4.00%
2025-05-11 04:22:37,791 - __main__ - INFO - Step 2000/50000
2025-05-11 04:22:37,791 - __main__ - INFO - Elapsed Time: 1.41 seconds
2025-05-11 04:22:37,791 - __main__ - INFO - Steps per Second: 1416.98
2025-05-11 04:22:38,191 - __main__ - INFO - Training Progress: 6.00%
2025-05-11 04:22:38,191 - __main__ - INFO - Step 3000/50000
2025-05-11 04:22:38,191 - __main__ - INFO - Elapsed Time: 1.81 seconds
2025-05-11 04:22:38,191 - __main__ - INFO - Steps per Second: 1655.99
2025-05-11 04:22:38,611 - __main__ - INFO - Training Progress: 8.00%
2025-05-11 04:22:38,611 - __main__ - INFO - Step 4000/50000
2025-05-11 04:22:38,611 - __main__ - INFO - Elapsed Time: 2.23 seconds
2025-05-11 04:22:38,611 - __main__ - INFO - Steps per Second: 1792.27
2025-05-11 04:22:38,989 - __main__ - INFO - Training Progress: 10.00%
2025-05-11 04:22:38,989 - __main__ - INFO - Step 5000/50000
2025-05-11 04:22:38,990 - __main__ - INFO - Elapsed Time: 2.61 seconds
2025-05-11 04:22:38,990 - __main__ - INFO - Steps per Second: 1915.71
2025-05-11 04:22:39,378 - __main__ - INFO - Training Progress: 12.00%
2025-05-11 04:22:39,378 - __main__ - INFO - Step 6000/50000
2025-05-11 04:22:39,378 - __main__ - INFO - Elapsed Time: 3.00 seconds
2025-05-11 04:22:39,378 - __main__ - INFO - Steps per Second: 2001.11
2025-05-11 04:22:39,777 - __main__ - INFO - Training Progress: 14.00%
2025-05-11 04:22:39,777 - __main__ - INFO - Step 7000/50000
2025-05-11 04:22:39,777 - __main__ - INFO - Elapsed Time: 3.40 seconds
2025-05-11 04:22:39,777 - __main__ - INFO - Steps per Second: 2060.22
2025-05-11 04:22:40,183 - __main__ - INFO - Training Progress: 16.00%
2025-05-11 04:22:40,183 - __main__ - INFO - Step 8000/50000
2025-05-11 04:22:40,183 - __main__ - INFO - Elapsed Time: 3.80 seconds
2025-05-11 04:22:40,183 - __main__ - INFO - Steps per Second: 2103.37
2025-05-11 04:22:40,569 - __main__ - INFO - Training Progress: 18.00%
2025-05-11 04:22:40,570 - __main__ - INFO - Step 9000/50000
2025-05-11 04:22:40,570 - __main__ - INFO - Elapsed Time: 4.19 seconds
2025-05-11 04:22:40,570 - __main__ - INFO - Steps per Second: 2147.92
2025-05-11 04:22:43,756 - __main__ - INFO - Training Progress: 20.00%
2025-05-11 04:22:43,756 - __main__ - INFO - Step 10000/50000
2025-05-11 04:22:43,756 - __main__ - INFO - Elapsed Time: 7.38 seconds
2025-05-11 04:22:43,756 - __main__ - INFO - Steps per Second: 1355.68
2025-05-11 04:22:52,036 - __main__ - INFO - Training Progress: 22.00%
2025-05-11 04:22:52,037 - __main__ - INFO - Step 11000/50000
2025-05-11 04:22:52,037 - __main__ - INFO - Elapsed Time: 15.66 seconds
2025-05-11 04:22:52,037 - __main__ - INFO - Steps per Second: 702.57
2025-05-11 04:22:52,699 - __main__ - INFO - Training Progress: 24.00%
2025-05-11 04:22:52,699 - __main__ - INFO - Step 12000/50000
2025-05-11 04:22:52,700 - __main__ - INFO - Elapsed Time: 16.32 seconds
2025-05-11 04:22:52,700 - __main__ - INFO - Steps per Second: 735.29
2025-05-11 04:22:53,099 - __main__ - INFO - Training Progress: 26.00%
2025-05-11 04:22:53,099 - __main__ - INFO - Step 13000/50000
2025-05-11 04:22:53,099 - __main__ - INFO - Elapsed Time: 16.72 seconds
2025-05-11 04:22:53,099 - __main__ - INFO - Steps per Second: 777.53
2025-05-11 04:22:53,511 - __main__ - INFO - Training Progress: 28.00%
2025-05-11 04:22:53,511 - __main__ - INFO - Step 14000/50000
2025-05-11 04:22:53,511 - __main__ - INFO - Elapsed Time: 17.13 seconds
2025-05-11 04:22:53,511 - __main__ - INFO - Steps per Second: 817.21
2025-05-11 04:22:53,895 - __main__ - INFO - Training Progress: 30.00%
2025-05-11 04:22:53,896 - __main__ - INFO - Step 15000/50000
2025-05-11 04:22:53,896 - __main__ - INFO - Elapsed Time: 17.52 seconds
2025-05-11 04:22:53,896 - __main__ - INFO - Steps per Second: 856.35
2025-05-11 04:22:54,282 - __main__ - INFO - Training Progress: 32.00%
2025-05-11 04:22:54,282 - __main__ - INFO - Step 16000/50000
2025-05-11 04:22:54,282 - __main__ - INFO - Elapsed Time: 17.90 seconds
2025-05-11 04:22:54,282 - __main__ - INFO - Steps per Second: 893.74
2025-05-11 04:22:54,688 - __main__ - INFO - Training Progress: 34.00%
2025-05-11 04:22:54,688 - __main__ - INFO - Step 17000/50000
2025-05-11 04:22:54,689 - __main__ - INFO - Elapsed Time: 18.31 seconds
2025-05-11 04:22:54,689 - __main__ - INFO - Steps per Second: 928.50
2025-05-11 04:22:55,101 - __main__ - INFO - Training Progress: 36.00%
2025-05-11 04:22:55,101 - __main__ - INFO - Step 18000/50000
2025-05-11 04:22:55,101 - __main__ - INFO - Elapsed Time: 18.72 seconds
2025-05-11 04:22:55,101 - __main__ - INFO - Steps per Second: 961.45
2025-05-11 04:22:58,112 - __main__ - INFO - Training Progress: 38.00%
2025-05-11 04:22:58,112 - __main__ - INFO - Step 19000/50000
2025-05-11 04:22:58,112 - __main__ - INFO - Elapsed Time: 21.73 seconds
2025-05-11 04:22:58,112 - __main__ - INFO - Steps per Second: 874.25
2025-05-11 04:22:58,501 - __main__ - INFO - Training Progress: 40.00%
2025-05-11 04:22:58,501 - __main__ - INFO - Step 20000/50000
2025-05-11 04:22:58,501 - __main__ - INFO - Elapsed Time: 22.12 seconds
2025-05-11 04:22:58,501 - __main__ - INFO - Steps per Second: 904.09
2025-05-11 04:23:07,130 - __main__ - INFO - Training Progress: 42.00%
2025-05-11 04:23:07,130 - __main__ - INFO - Step 21000/50000
2025-05-11 04:23:07,130 - __main__ - INFO - Elapsed Time: 30.75 seconds
2025-05-11 04:23:07,131 - __main__ - INFO - Steps per Second: 682.91
2025-05-11 04:23:07,527 - __main__ - INFO - Training Progress: 44.00%
2025-05-11 04:23:07,527 - __main__ - INFO - Step 22000/50000
2025-05-11 04:23:07,527 - __main__ - INFO - Elapsed Time: 31.15 seconds
2025-05-11 04:23:07,527 - __main__ - INFO - Steps per Second: 706.32
2025-05-11 04:23:07,936 - __main__ - INFO - Training Progress: 46.00%
2025-05-11 04:23:07,936 - __main__ - INFO - Step 23000/50000
2025-05-11 04:23:07,936 - __main__ - INFO - Elapsed Time: 31.56 seconds
2025-05-11 04:23:07,936 - __main__ - INFO - Steps per Second: 728.86
2025-05-11 04:23:08,351 - __main__ - INFO - Training Progress: 48.00%
2025-05-11 04:23:08,351 - __main__ - INFO - Step 24000/50000
2025-05-11 04:23:08,351 - __main__ - INFO - Elapsed Time: 31.97 seconds
2025-05-11 04:23:08,351 - __main__ - INFO - Steps per Second: 750.66
2025-05-11 04:23:08,780 - __main__ - INFO - Training Progress: 50.00%
2025-05-11 04:23:08,780 - __main__ - INFO - Step 25000/50000
2025-05-11 04:23:08,780 - __main__ - INFO - Elapsed Time: 32.40 seconds
2025-05-11 04:23:08,780 - __main__ - INFO - Steps per Second: 771.59
2025-05-11 04:23:09,190 - __main__ - INFO - Training Progress: 52.00%
2025-05-11 04:23:09,190 - __main__ - INFO - Step 26000/50000
2025-05-11 04:23:09,190 - __main__ - INFO - Elapsed Time: 32.81 seconds
2025-05-11 04:23:09,190 - __main__ - INFO - Steps per Second: 792.43
2025-05-11 04:23:09,609 - __main__ - INFO - Training Progress: 54.00%
2025-05-11 04:23:09,609 - __main__ - INFO - Step 27000/50000
2025-05-11 04:23:09,609 - __main__ - INFO - Elapsed Time: 33.23 seconds
2025-05-11 04:23:09,609 - __main__ - INFO - Steps per Second: 812.54
2025-05-11 04:23:12,680 - __main__ - INFO - Training Progress: 56.00%
2025-05-11 04:23:12,681 - __main__ - INFO - Step 28000/50000
2025-05-11 04:23:12,681 - __main__ - INFO - Elapsed Time: 36.30 seconds
2025-05-11 04:23:12,681 - __main__ - INFO - Steps per Second: 771.33
2025-05-11 04:23:13,091 - __main__ - INFO - Training Progress: 58.00%
2025-05-11 04:23:13,092 - __main__ - INFO - Step 29000/50000
2025-05-11 04:23:13,092 - __main__ - INFO - Elapsed Time: 36.71 seconds
2025-05-11 04:23:13,092 - __main__ - INFO - Steps per Second: 789.93
2025-05-11 04:23:13,490 - __main__ - INFO - Training Progress: 60.00%
2025-05-11 04:23:13,490 - __main__ - INFO - Step 30000/50000
2025-05-11 04:23:13,490 - __main__ - INFO - Elapsed Time: 37.11 seconds
2025-05-11 04:23:13,490 - __main__ - INFO - Steps per Second: 808.39
2025-05-11 04:23:21,656 - __main__ - INFO - Training Progress: 62.00%
2025-05-11 04:23:21,657 - __main__ - INFO - Step 31000/50000
2025-05-11 04:23:21,657 - __main__ - INFO - Elapsed Time: 45.28 seconds
2025-05-11 04:23:21,657 - __main__ - INFO - Steps per Second: 684.67
2025-05-11 04:23:22,064 - __main__ - INFO - Training Progress: 64.00%
2025-05-11 04:23:22,064 - __main__ - INFO - Step 32000/50000
2025-05-11 04:23:22,064 - __main__ - INFO - Elapsed Time: 45.68 seconds
2025-05-11 04:23:22,064 - __main__ - INFO - Steps per Second: 700.46
2025-05-11 04:23:22,487 - __main__ - INFO - Training Progress: 66.00%
2025-05-11 04:23:22,487 - __main__ - INFO - Step 33000/50000
2025-05-11 04:23:22,487 - __main__ - INFO - Elapsed Time: 46.11 seconds
2025-05-11 04:23:22,487 - __main__ - INFO - Steps per Second: 715.72
2025-05-11 04:23:22,951 - __main__ - INFO - Training Progress: 68.00%
2025-05-11 04:23:22,951 - __main__ - INFO - Step 34000/50000
2025-05-11 04:23:22,951 - __main__ - INFO - Elapsed Time: 46.57 seconds
2025-05-11 04:23:22,951 - __main__ - INFO - Steps per Second: 730.06
2025-05-11 04:23:23,338 - __main__ - INFO - Training Progress: 70.00%
2025-05-11 04:23:23,338 - __main__ - INFO - Step 35000/50000
2025-05-11 04:23:23,338 - __main__ - INFO - Elapsed Time: 46.96 seconds
2025-05-11 04:23:23,338 - __main__ - INFO - Steps per Second: 745.33
2025-05-11 04:23:23,731 - __main__ - INFO - Training Progress: 72.00%
2025-05-11 04:23:23,731 - __main__ - INFO - Step 36000/50000
2025-05-11 04:23:23,731 - __main__ - INFO - Elapsed Time: 47.35 seconds
2025-05-11 04:23:23,731 - __main__ - INFO - Steps per Second: 760.27
2025-05-11 04:23:26,757 - __main__ - INFO - Training Progress: 74.00%
2025-05-11 04:23:26,757 - __main__ - INFO - Step 37000/50000
2025-05-11 04:23:26,757 - __main__ - INFO - Elapsed Time: 50.38 seconds
2025-05-11 04:23:26,758 - __main__ - INFO - Steps per Second: 734.45
2025-05-11 04:23:27,186 - __main__ - INFO - Training Progress: 76.00%
2025-05-11 04:23:27,187 - __main__ - INFO - Step 38000/50000
2025-05-11 04:23:27,187 - __main__ - INFO - Elapsed Time: 50.81 seconds
2025-05-11 04:23:27,187 - __main__ - INFO - Steps per Second: 747.93
2025-05-11 04:23:27,576 - __main__ - INFO - Training Progress: 78.00%
2025-05-11 04:23:27,576 - __main__ - INFO - Step 39000/50000
2025-05-11 04:23:27,576 - __main__ - INFO - Elapsed Time: 51.20 seconds
2025-05-11 04:23:27,576 - __main__ - INFO - Steps per Second: 761.77
2025-05-11 04:23:27,970 - __main__ - INFO - Training Progress: 80.00%
2025-05-11 04:23:27,970 - __main__ - INFO - Step 40000/50000
2025-05-11 04:23:27,970 - __main__ - INFO - Elapsed Time: 51.59 seconds
2025-05-11 04:23:27,970 - __main__ - INFO - Steps per Second: 775.34
2025-05-11 04:23:35,738 - __main__ - INFO - Training Progress: 82.00%
2025-05-11 04:23:35,739 - __main__ - INFO - Step 41000/50000
2025-05-11 04:23:35,739 - __main__ - INFO - Elapsed Time: 59.36 seconds
2025-05-11 04:23:35,739 - __main__ - INFO - Steps per Second: 690.71
2025-05-11 04:23:36,346 - __main__ - INFO - Training Progress: 84.00%
2025-05-11 04:23:36,346 - __main__ - INFO - Step 42000/50000
2025-05-11 04:23:36,346 - __main__ - INFO - Elapsed Time: 59.97 seconds
2025-05-11 04:23:36,346 - __main__ - INFO - Steps per Second: 700.39
2025-05-11 04:23:36,755 - __main__ - INFO - Training Progress: 86.00%
2025-05-11 04:23:36,755 - __main__ - INFO - Step 43000/50000
2025-05-11 04:23:36,755 - __main__ - INFO - Elapsed Time: 60.38 seconds
2025-05-11 04:23:36,755 - __main__ - INFO - Steps per Second: 712.21
2025-05-11 04:23:37,188 - __main__ - INFO - Training Progress: 88.00%
2025-05-11 04:23:37,188 - __main__ - INFO - Step 44000/50000
2025-05-11 04:23:37,188 - __main__ - INFO - Elapsed Time: 60.81 seconds
2025-05-11 04:23:37,188 - __main__ - INFO - Steps per Second: 723.58
2025-05-11 04:23:37,575 - __main__ - INFO - Training Progress: 90.00%
2025-05-11 04:23:37,576 - __main__ - INFO - Step 45000/50000
2025-05-11 04:23:37,576 - __main__ - INFO - Elapsed Time: 61.20 seconds
2025-05-11 04:23:37,576 - __main__ - INFO - Steps per Second: 735.34
2025-05-11 04:23:40,585 - __main__ - INFO - Training Progress: 92.00%
2025-05-11 04:23:40,585 - __main__ - INFO - Step 46000/50000
2025-05-11 04:23:40,585 - __main__ - INFO - Elapsed Time: 64.21 seconds
2025-05-11 04:23:40,585 - __main__ - INFO - Steps per Second: 716.45
2025-05-11 04:23:40,987 - __main__ - INFO - Training Progress: 94.00%
2025-05-11 04:23:40,987 - __main__ - INFO - Step 47000/50000
2025-05-11 04:23:40,987 - __main__ - INFO - Elapsed Time: 64.61 seconds
2025-05-11 04:23:40,987 - __main__ - INFO - Steps per Second: 727.47
2025-05-11 04:23:41,395 - __main__ - INFO - Training Progress: 96.00%
2025-05-11 04:23:41,395 - __main__ - INFO - Step 48000/50000
2025-05-11 04:23:41,395 - __main__ - INFO - Elapsed Time: 65.02 seconds
2025-05-11 04:23:41,395 - __main__ - INFO - Steps per Second: 738.28
2025-05-11 04:23:41,782 - __main__ - INFO - Training Progress: 98.00%
2025-05-11 04:23:41,782 - __main__ - INFO - Step 49000/50000
2025-05-11 04:23:41,782 - __main__ - INFO - Elapsed Time: 65.40 seconds
2025-05-11 04:23:41,782 - __main__ - INFO - Steps per Second: 749.20
2025-05-11 04:23:42,176 - __main__ - INFO - Training Progress: 100.00%
2025-05-11 04:23:42,176 - __main__ - INFO - Step 50000/50000
2025-05-11 04:23:42,176 - __main__ - INFO - Elapsed Time: 65.80 seconds
2025-05-11 04:23:42,176 - __main__ - INFO - Steps per Second: 759.92
2025-05-11 04:23:50,052 - __main__ - INFO - Training completed
2025-05-11 04:23:50,060 - __main__ - INFO - Model saved to trained_models/BTC_USD_PPO_optimized_may3_50000steps.zip
2025-05-11 04:23:50,060 - __main__ - INFO - Training Summary:
2025-05-11 04:23:50,060 - __main__ - INFO - Total Training Steps: 50000
2025-05-11 04:23:50,060 - __main__ - INFO - Total Training Episodes: 5
2025-05-11 04:23:50,060 - __main__ - INFO - No episode rewards recorded.
2025-05-11 04:23:50,060 - __main__ - INFO - Training script finished.
